
Showing logs for build [32mfbelzunc-environment-jx-rocks-s-d2nww-1[0m stage [32mmeta-pipeline[0m and container [32mstep-credential-initializer-k6z7d[0m
{"level":"warn","ts":1568890403.10848,"logger":"fallback-logger","caller":"logging/config.go:69","msg":"Fetch GitHub commit ID from kodata failed: \"ref: refs/heads/master\" is not a valid GitHub commit ID"}
{"level":"info","ts":1568890403.1092384,"logger":"fallback-logger","caller":"creds-init/main.go:40","msg":"Credentials initialized."}

Showing logs for build [32mfbelzunc-environment-jx-rocks-s-d2nww-1[0m stage [32mmeta-pipeline[0m and container [32mstep-working-dir-initializer-m5ndt[0m
{"level":"warn","ts":1568890404.151158,"logger":"fallback-logger","caller":"logging/config.go:69","msg":"Fetch GitHub commit ID from kodata failed: open /var/run/ko/HEAD: no such file or directory"}
{"level":"info","ts":1568890404.152628,"logger":"fallback-logger","caller":"bash/main.go:65","msg":"Successfully executed command \"mkdir -p /workspace/source\""}

Showing logs for build [32mfbelzunc-environment-jx-rocks-s-d2nww-1[0m stage [32mmeta-pipeline[0m and container [32mstep-place-tools[0m

Showing logs for build [32mfbelzunc-environment-jx-rocks-s-d2nww-1[0m stage [32mmeta-pipeline[0m and container [32mstep-git-source-meta-fbelzunc-environment-jx-ro-cnqzr[0m
{"level":"warn","ts":1568890410.1482828,"logger":"fallback-logger","caller":"logging/config.go:69","msg":"Fetch GitHub commit ID from kodata failed: \"ref: refs/heads/master\" is not a valid GitHub commit ID"}
{"level":"info","ts":1568890410.371421,"logger":"fallback-logger","caller":"git/git.go:102","msg":"Successfully cloned https://github.com/********/environment-jx-rocks-staging.git @ f4fecbe788b96d65b8b54bd234abbd7ca40f2f15 in path /workspace/source"}

Showing logs for build [32mfbelzunc-environment-jx-rocks-s-d2nww-1[0m stage [32mmeta-pipeline[0m and container [32mstep-git-merge[0m
Using SHAs from PULL_REFS=master:f4fecbe788b96d65b8b54bd234abbd7ca40f2f15,3:813704d6ccbe91c38103979f007f14c9b24a671a
DEBUG: ran git fetch --unshallow origin 813704d6ccbe91c38103979f007f14c9b24a671a: f4fecbe788b96d65b8b54bd234abbd7ca40f2f15: in 
DEBUG: ran git checkout master in 
DEBUG: ran git reset --hard f4fecbe788b96d65b8b54bd234abbd7ca40f2f15 in 
DEBUG: ran clean --force -d . in 
DEBUG: ran git merge 813704d6ccbe91c38103979f007f14c9b24a671a in 
Merged SHA 813704d6ccbe91c38103979f007f14c9b24a671a with commit message 'chore: Promote go-demo-6 to version 1.0.408' into base branch master

Showing logs for build [32mfbelzunc-environment-jx-rocks-s-d2nww-1[0m stage [32mmeta-pipeline[0m and container [32mstep-merge-pull-refs[0m
DEBUG: ran git fetch origin 813704d6ccbe91c38103979f007f14c9b24a671a: f4fecbe788b96d65b8b54bd234abbd7ca40f2f15: in 
DEBUG: Unshallowed git repo in 
DEBUG: ran git checkout master in 
DEBUG: ran git reset --hard f4fecbe788b96d65b8b54bd234abbd7ca40f2f15 in 
DEBUG: ran clean --force -d . in 
DEBUG: ran git merge 813704d6ccbe91c38103979f007f14c9b24a671a in 
Merged SHA 813704d6ccbe91c38103979f007f14c9b24a671a with commit message 'chore: Promote go-demo-6 to version 1.0.408' into base branch master

Showing logs for build [32mfbelzunc-environment-jx-rocks-s-d2nww-1[0m stage [32mmeta-pipeline[0m and container [32mstep-create-effective-pipeline[0m
Deleting and cloning the Jenkins X versions repo
Cloning the Jenkins X versions repo https://github.com/jenkins-x/jenkins-x-versions.git with ref refs/heads/master to /builder/home/.jx/jenkins-x-versions
selected pack: /builder/home/.jx/draft/packs/github.com/jenkins-x-buildpacks/jenkins-x-kubernetes/packs/environment
Effective pipeline written to jenkins-x-promotion-build-effective.yml

Showing logs for build [32mfbelzunc-environment-jx-rocks-s-d2nww-1[0m stage [32mmeta-pipeline[0m and container [32mstep-create-tekton-crds[0m
PipelineActivity for ********-environment-jx-rocks-staging-PR-3-1
Applying changes 
upserted PipelineResource ********-environment-jx-rocks-s for the git repository https://github.com/********/environment-jx-rocks-staging.git
upserted Task ********-environment-jx-rocks-s-d2nww-from-build-pack-1
upserted Pipeline ********-environment-jx-rocks-s-d2nww-1
created PipelineRun ********-environment-jx-rocks-s-d2nww-1
created PipelineStructure ********-environment-jx-rocks-s-d2nww-1

Showing logs for build [32mfbelzunc-environment-jx-rocks-s-d2nww-1[0m stage [32mfrom-build-pack[0m and container [32mstep-credential-initializer-bq6j7[0m
{"level":"warn","ts":1568890418.0468254,"logger":"fallback-logger","caller":"logging/config.go:69","msg":"Fetch GitHub commit ID from kodata failed: \"ref: refs/heads/master\" is not a valid GitHub commit ID"}
{"level":"info","ts":1568890418.0473819,"logger":"fallback-logger","caller":"creds-init/main.go:40","msg":"Credentials initialized."}

Showing logs for build [32mfbelzunc-environment-jx-rocks-s-d2nww-1[0m stage [32mfrom-build-pack[0m and container [32mstep-working-dir-initializer-d6cz9[0m
{"level":"warn","ts":1568890418.6060066,"logger":"fallback-logger","caller":"logging/config.go:69","msg":"Fetch GitHub commit ID from kodata failed: open /var/run/ko/HEAD: no such file or directory"}
{"level":"info","ts":1568890418.607432,"logger":"fallback-logger","caller":"bash/main.go:65","msg":"Successfully executed command \"mkdir -p /workspace/source /workspace/source/env\""}

Showing logs for build [32mfbelzunc-environment-jx-rocks-s-d2nww-1[0m stage [32mfrom-build-pack[0m and container [32mstep-place-tools[0m

Showing logs for build [32mfbelzunc-environment-jx-rocks-s-d2nww-1[0m stage [32mfrom-build-pack[0m and container [32mstep-git-source-fbelzunc-environment-jx-rocks-s-p8p2k[0m
{"level":"warn","ts":1568890478.7622218,"logger":"fallback-logger","caller":"logging/config.go:69","msg":"Fetch GitHub commit ID from kodata failed: \"ref: refs/heads/master\" is not a valid GitHub commit ID"}
{"level":"info","ts":1568890479.0072541,"logger":"fallback-logger","caller":"git/git.go:102","msg":"Successfully cloned https://github.com/********/environment-jx-rocks-staging.git @ master in path /workspace/source"}

Showing logs for build [32mfbelzunc-environment-jx-rocks-s-d2nww-1[0m stage [32mfrom-build-pack[0m and container [32mstep-git-merge[0m
Using SHAs from PULL_REFS=master:f4fecbe788b96d65b8b54bd234abbd7ca40f2f15,3:813704d6ccbe91c38103979f007f14c9b24a671a
DEBUG: ran git fetch origin 813704d6ccbe91c38103979f007f14c9b24a671a: f4fecbe788b96d65b8b54bd234abbd7ca40f2f15: in 
DEBUG: Unshallowed git repo in 
DEBUG: ran git checkout master in 
DEBUG: ran git reset --hard f4fecbe788b96d65b8b54bd234abbd7ca40f2f15 in 
DEBUG: ran clean --force -d . in 
DEBUG: ran git merge 813704d6ccbe91c38103979f007f14c9b24a671a in 
Merged SHA 813704d6ccbe91c38103979f007f14c9b24a671a with commit message 'chore: Promote go-demo-6 to version 1.0.408' into base branch master

Showing logs for build [32mfbelzunc-environment-jx-rocks-s-d2nww-1[0m stage [32mfrom-build-pack[0m and container [32mstep-build-helm-build[0m
WARNING: No $CHART_REPOSITORY defined so using the default value of: http://jenkins-x-chartmuseum:8080
Adding missing Helm repo: storage.googleapis.com https://storage.googleapis.com/chartmuseum.jenkins-x.io
Successfully added Helm repository storage.googleapis.com.
Adding missing Helm repo: jenkins-x-chartmuseum http://jenkins-x-chartmuseum:8080
Successfully added Helm repository jenkins-x-chartmuseum.
WARNING: No $CHART_REPOSITORY defined so using the default value of: http://jenkins-x-chartmuseum:8080
Adding missing Helm repo: chartmuseum.jenkins-x.io http://chartmuseum.jenkins-x.io
Successfully added Helm repository chartmuseum.jenkins-x.io.
