
Showing logs for build [32mfbelzunc-environment-jx-rocks-s-dfc8f-1[0m stage [32mmeta-pipeline[0m and container [32mstep-credential-initializer-xvcwf[0m
{"level":"warn","ts":1568886049.4035366,"logger":"fallback-logger","caller":"logging/config.go:69","msg":"Fetch GitHub commit ID from kodata failed: \"ref: refs/heads/master\" is not a valid GitHub commit ID"}
{"level":"info","ts":1568886049.4041717,"logger":"fallback-logger","caller":"creds-init/main.go:40","msg":"Credentials initialized."}

Showing logs for build [32mfbelzunc-environment-jx-rocks-s-dfc8f-1[0m stage [32mmeta-pipeline[0m and container [32mstep-working-dir-initializer-6pt5q[0m
{"level":"warn","ts":1568886051.2065513,"logger":"fallback-logger","caller":"logging/config.go:69","msg":"Fetch GitHub commit ID from kodata failed: open /var/run/ko/HEAD: no such file or directory"}
{"level":"info","ts":1568886051.2081766,"logger":"fallback-logger","caller":"bash/main.go:65","msg":"Successfully executed command \"mkdir -p /workspace/source\""}

Showing logs for build [32mfbelzunc-environment-jx-rocks-s-dfc8f-1[0m stage [32mmeta-pipeline[0m and container [32mstep-place-tools[0m

Showing logs for build [32mfbelzunc-environment-jx-rocks-s-dfc8f-1[0m stage [32mmeta-pipeline[0m and container [32mstep-git-source-meta-fbelzunc-environment-jx-ro-x77pg[0m
{"level":"warn","ts":1568886063.415499,"logger":"fallback-logger","caller":"logging/config.go:69","msg":"Fetch GitHub commit ID from kodata failed: \"ref: refs/heads/master\" is not a valid GitHub commit ID"}
{"level":"info","ts":1568886063.6477149,"logger":"fallback-logger","caller":"git/git.go:102","msg":"Successfully cloned https://github.com/********/environment-jx-rocks-staging.git @ 573ce093cc5e0191a2c775429886c72f21e7e638 in path /workspace/source"}

Showing logs for build [32mfbelzunc-environment-jx-rocks-s-dfc8f-1[0m stage [32mmeta-pipeline[0m and container [32mstep-git-merge[0m
Using SHAs from PULL_REFS=master:573ce093cc5e0191a2c775429886c72f21e7e638,2:011523846c9d1831f1bb25da495204a9d3d208d9
DEBUG: ran git fetch --unshallow origin 011523846c9d1831f1bb25da495204a9d3d208d9: 573ce093cc5e0191a2c775429886c72f21e7e638: in 
DEBUG: ran git checkout master in 
DEBUG: ran git reset --hard 573ce093cc5e0191a2c775429886c72f21e7e638 in 
DEBUG: ran clean --force -d . in 
DEBUG: ran git merge 011523846c9d1831f1bb25da495204a9d3d208d9 in 
Merged SHA 011523846c9d1831f1bb25da495204a9d3d208d9 with commit message 'chore: Promote go-demo-6 to version 1.0.407' into base branch master

Showing logs for build [32mfbelzunc-environment-jx-rocks-s-dfc8f-1[0m stage [32mmeta-pipeline[0m and container [32mstep-merge-pull-refs[0m
DEBUG: ran git fetch origin 011523846c9d1831f1bb25da495204a9d3d208d9: 573ce093cc5e0191a2c775429886c72f21e7e638: in 
DEBUG: Unshallowed git repo in 
DEBUG: ran git checkout master in 
DEBUG: ran git reset --hard 573ce093cc5e0191a2c775429886c72f21e7e638 in 
DEBUG: ran clean --force -d . in 
DEBUG: ran git merge 011523846c9d1831f1bb25da495204a9d3d208d9 in 
Merged SHA 011523846c9d1831f1bb25da495204a9d3d208d9 with commit message 'chore: Promote go-demo-6 to version 1.0.407' into base branch master

Showing logs for build [32mfbelzunc-environment-jx-rocks-s-dfc8f-1[0m stage [32mmeta-pipeline[0m and container [32mstep-create-effective-pipeline[0m
Deleting and cloning the Jenkins X versions repo
Cloning the Jenkins X versions repo https://github.com/jenkins-x/jenkins-x-versions.git with ref refs/heads/master to /builder/home/.jx/jenkins-x-versions
selected pack: /builder/home/.jx/draft/packs/github.com/jenkins-x-buildpacks/jenkins-x-kubernetes/packs/environment
Effective pipeline written to jenkins-x-promotion-build-effective.yml

Showing logs for build [32mfbelzunc-environment-jx-rocks-s-dfc8f-1[0m stage [32mmeta-pipeline[0m and container [32mstep-create-tekton-crds[0m
PipelineActivity for ********-environment-jx-rocks-staging-PR-2-1
Applying changes 
upserted PipelineResource ********-environment-jx-rocks-s for the git repository https://github.com/********/environment-jx-rocks-staging.git
upserted Task ********-environment-jx-rocks-s-dfc8f-from-build-pack-1
upserted Pipeline ********-environment-jx-rocks-s-dfc8f-1
created PipelineRun ********-environment-jx-rocks-s-dfc8f-1
created PipelineStructure ********-environment-jx-rocks-s-dfc8f-1

Showing logs for build [32mfbelzunc-environment-jx-rocks-s-dfc8f-1[0m stage [32mfrom-build-pack[0m and container [32mstep-credential-initializer-vfcbq[0m
{"level":"warn","ts":1568886072.8219697,"logger":"fallback-logger","caller":"logging/config.go:69","msg":"Fetch GitHub commit ID from kodata failed: \"ref: refs/heads/master\" is not a valid GitHub commit ID"}
{"level":"info","ts":1568886072.822392,"logger":"fallback-logger","caller":"creds-init/main.go:40","msg":"Credentials initialized."}

Showing logs for build [32mfbelzunc-environment-jx-rocks-s-dfc8f-1[0m stage [32mfrom-build-pack[0m and container [32mstep-working-dir-initializer-tl65c[0m
{"level":"warn","ts":1568886073.737402,"logger":"fallback-logger","caller":"logging/config.go:69","msg":"Fetch GitHub commit ID from kodata failed: open /var/run/ko/HEAD: no such file or directory"}
{"level":"info","ts":1568886073.738706,"logger":"fallback-logger","caller":"bash/main.go:65","msg":"Successfully executed command \"mkdir -p /workspace/source /workspace/source/env\""}

Showing logs for build [32mfbelzunc-environment-jx-rocks-s-dfc8f-1[0m stage [32mfrom-build-pack[0m and container [32mstep-place-tools[0m

Showing logs for build [32mfbelzunc-environment-jx-rocks-s-dfc8f-1[0m stage [32mfrom-build-pack[0m and container [32mstep-git-source-fbelzunc-environment-jx-rocks-s-6qnmg[0m
{"level":"warn","ts":1568886077.8393893,"logger":"fallback-logger","caller":"logging/config.go:69","msg":"Fetch GitHub commit ID from kodata failed: \"ref: refs/heads/master\" is not a valid GitHub commit ID"}
{"level":"info","ts":1568886078.0726938,"logger":"fallback-logger","caller":"git/git.go:102","msg":"Successfully cloned https://github.com/********/environment-jx-rocks-staging.git @ master in path /workspace/source"}

Showing logs for build [32mfbelzunc-environment-jx-rocks-s-dfc8f-1[0m stage [32mfrom-build-pack[0m and container [32mstep-git-merge[0m
Using SHAs from PULL_REFS=master:573ce093cc5e0191a2c775429886c72f21e7e638,2:011523846c9d1831f1bb25da495204a9d3d208d9
DEBUG: ran git fetch --unshallow origin 011523846c9d1831f1bb25da495204a9d3d208d9: 573ce093cc5e0191a2c775429886c72f21e7e638: in 
DEBUG: ran git checkout master in 
DEBUG: ran git reset --hard 573ce093cc5e0191a2c775429886c72f21e7e638 in 
DEBUG: ran clean --force -d . in 
DEBUG: ran git merge 011523846c9d1831f1bb25da495204a9d3d208d9 in 
Merged SHA 011523846c9d1831f1bb25da495204a9d3d208d9 with commit message 'chore: Promote go-demo-6 to version 1.0.407' into base branch master

Showing logs for build [32mfbelzunc-environment-jx-rocks-s-dfc8f-1[0m stage [32mfrom-build-pack[0m and container [32mstep-build-helm-build[0m
WARNING: No $CHART_REPOSITORY defined so using the default value of: http://jenkins-x-chartmuseum:8080
Adding missing Helm repo: storage.googleapis.com https://storage.googleapis.com/chartmuseum.jenkins-x.io
Successfully added Helm repository storage.googleapis.com.
Adding missing Helm repo: jenkins-x-chartmuseum http://jenkins-x-chartmuseum:8080
Successfully added Helm repository jenkins-x-chartmuseum.
WARNING: No $CHART_REPOSITORY defined so using the default value of: http://jenkins-x-chartmuseum:8080
Adding missing Helm repo: chartmuseum.jenkins-x.io http://chartmuseum.jenkins-x.io
Successfully added Helm repository chartmuseum.jenkins-x.io.
