
Showing logs for build [32mfbelzunc-environment-jx-rocks-s-slpj7-1[0m stage [32mmeta-pipeline[0m and container [32mstep-credential-initializer-w6mnx[0m
{"level":"warn","ts":1568891037.2684128,"logger":"fallback-logger","caller":"logging/config.go:69","msg":"Fetch GitHub commit ID from kodata failed: \"ref: refs/heads/master\" is not a valid GitHub commit ID"}
{"level":"info","ts":1568891037.269008,"logger":"fallback-logger","caller":"creds-init/main.go:40","msg":"Credentials initialized."}

Showing logs for build [32mfbelzunc-environment-jx-rocks-s-slpj7-1[0m stage [32mmeta-pipeline[0m and container [32mstep-working-dir-initializer-ffhrh[0m
{"level":"warn","ts":1568891038.2145028,"logger":"fallback-logger","caller":"logging/config.go:69","msg":"Fetch GitHub commit ID from kodata failed: open /var/run/ko/HEAD: no such file or directory"}
{"level":"info","ts":1568891038.2158096,"logger":"fallback-logger","caller":"bash/main.go:65","msg":"Successfully executed command \"mkdir -p /workspace/source\""}

Showing logs for build [32mfbelzunc-environment-jx-rocks-s-slpj7-1[0m stage [32mmeta-pipeline[0m and container [32mstep-place-tools[0m

Showing logs for build [32mfbelzunc-environment-jx-rocks-s-slpj7-1[0m stage [32mmeta-pipeline[0m and container [32mstep-git-source-meta-fbelzunc-environment-jx-ro-kwm9s[0m
{"level":"warn","ts":1568891044.2679079,"logger":"fallback-logger","caller":"logging/config.go:69","msg":"Fetch GitHub commit ID from kodata failed: \"ref: refs/heads/master\" is not a valid GitHub commit ID"}
{"level":"info","ts":1568891044.5203164,"logger":"fallback-logger","caller":"git/git.go:102","msg":"Successfully cloned https://github.com/********/environment-jx-rocks-staging.git @ 0591bfe7d0634aadd957b3fde079c78efbb4a51f in path /workspace/source"}

Showing logs for build [32mfbelzunc-environment-jx-rocks-s-slpj7-1[0m stage [32mmeta-pipeline[0m and container [32mstep-git-merge[0m
Using SHAs from PULL_REFS=master:0591bfe7d0634aadd957b3fde079c78efbb4a51f,4:e02c2741cf554da99c818c846c67c4e70ea12a0a
DEBUG: ran git fetch --unshallow origin e02c2741cf554da99c818c846c67c4e70ea12a0a: 0591bfe7d0634aadd957b3fde079c78efbb4a51f: in 
DEBUG: ran git checkout master in 
DEBUG: ran git reset --hard 0591bfe7d0634aadd957b3fde079c78efbb4a51f in 
DEBUG: ran clean --force -d . in 
DEBUG: ran git merge e02c2741cf554da99c818c846c67c4e70ea12a0a in 
Merged SHA e02c2741cf554da99c818c846c67c4e70ea12a0a with commit message 'chore: Promote go-demo-6 to version 2.0.0' into base branch master

Showing logs for build [32mfbelzunc-environment-jx-rocks-s-slpj7-1[0m stage [32mmeta-pipeline[0m and container [32mstep-merge-pull-refs[0m
DEBUG: ran git fetch origin e02c2741cf554da99c818c846c67c4e70ea12a0a: 0591bfe7d0634aadd957b3fde079c78efbb4a51f: in 
DEBUG: Unshallowed git repo in 
DEBUG: ran git checkout master in 
DEBUG: ran git reset --hard 0591bfe7d0634aadd957b3fde079c78efbb4a51f in 
DEBUG: ran clean --force -d . in 
DEBUG: ran git merge e02c2741cf554da99c818c846c67c4e70ea12a0a in 
Merged SHA e02c2741cf554da99c818c846c67c4e70ea12a0a with commit message 'chore: Promote go-demo-6 to version 2.0.0' into base branch master

Showing logs for build [32mfbelzunc-environment-jx-rocks-s-slpj7-1[0m stage [32mmeta-pipeline[0m and container [32mstep-create-effective-pipeline[0m
Deleting and cloning the Jenkins X versions repo
Cloning the Jenkins X versions repo https://github.com/jenkins-x/jenkins-x-versions.git with ref refs/heads/master to /builder/home/.jx/jenkins-x-versions
selected pack: /builder/home/.jx/draft/packs/github.com/jenkins-x-buildpacks/jenkins-x-kubernetes/packs/environment
Effective pipeline written to jenkins-x-promotion-build-effective.yml

Showing logs for build [32mfbelzunc-environment-jx-rocks-s-slpj7-1[0m stage [32mmeta-pipeline[0m and container [32mstep-create-tekton-crds[0m
PipelineActivity for ********-environment-jx-rocks-staging-PR-4-1
Applying changes 
upserted PipelineResource ********-environment-jx-rocks-s for the git repository https://github.com/********/environment-jx-rocks-staging.git
upserted Task ********-environment-jx-rocks-s-slpj7-from-build-pack-1
upserted Pipeline ********-environment-jx-rocks-s-slpj7-1
created PipelineRun ********-environment-jx-rocks-s-slpj7-1
created PipelineStructure ********-environment-jx-rocks-s-slpj7-1

Showing logs for build [32mfbelzunc-environment-jx-rocks-s-slpj7-1[0m stage [32mfrom-build-pack[0m and container [32mstep-credential-initializer-6wklm[0m
{"level":"warn","ts":1568891055.7019358,"logger":"fallback-logger","caller":"logging/config.go:69","msg":"Fetch GitHub commit ID from kodata failed: \"ref: refs/heads/master\" is not a valid GitHub commit ID"}
{"level":"info","ts":1568891055.7025306,"logger":"fallback-logger","caller":"creds-init/main.go:40","msg":"Credentials initialized."}

Showing logs for build [32mfbelzunc-environment-jx-rocks-s-slpj7-1[0m stage [32mfrom-build-pack[0m and container [32mstep-working-dir-initializer-nn7g7[0m
{"level":"warn","ts":1568891056.96956,"logger":"fallback-logger","caller":"logging/config.go:69","msg":"Fetch GitHub commit ID from kodata failed: open /var/run/ko/HEAD: no such file or directory"}
{"level":"info","ts":1568891056.9706595,"logger":"fallback-logger","caller":"bash/main.go:65","msg":"Successfully executed command \"mkdir -p /workspace/source /workspace/source/env\""}

Showing logs for build [32mfbelzunc-environment-jx-rocks-s-slpj7-1[0m stage [32mfrom-build-pack[0m and container [32mstep-place-tools[0m

Showing logs for build [32mfbelzunc-environment-jx-rocks-s-slpj7-1[0m stage [32mfrom-build-pack[0m and container [32mstep-git-source-fbelzunc-environment-jx-rocks-s-69rqj[0m
{"level":"warn","ts":1568891061.0195196,"logger":"fallback-logger","caller":"logging/config.go:69","msg":"Fetch GitHub commit ID from kodata failed: \"ref: refs/heads/master\" is not a valid GitHub commit ID"}
{"level":"info","ts":1568891061.2504983,"logger":"fallback-logger","caller":"git/git.go:102","msg":"Successfully cloned https://github.com/********/environment-jx-rocks-staging.git @ master in path /workspace/source"}

Showing logs for build [32mfbelzunc-environment-jx-rocks-s-slpj7-1[0m stage [32mfrom-build-pack[0m and container [32mstep-git-merge[0m
Using SHAs from PULL_REFS=master:0591bfe7d0634aadd957b3fde079c78efbb4a51f,4:e02c2741cf554da99c818c846c67c4e70ea12a0a
DEBUG: ran git fetch --unshallow origin e02c2741cf554da99c818c846c67c4e70ea12a0a: 0591bfe7d0634aadd957b3fde079c78efbb4a51f: in 
DEBUG: ran git checkout master in 
DEBUG: ran git reset --hard 0591bfe7d0634aadd957b3fde079c78efbb4a51f in 
DEBUG: ran clean --force -d . in 
DEBUG: ran git merge e02c2741cf554da99c818c846c67c4e70ea12a0a in 
Merged SHA e02c2741cf554da99c818c846c67c4e70ea12a0a with commit message 'chore: Promote go-demo-6 to version 2.0.0' into base branch master

Showing logs for build [32mfbelzunc-environment-jx-rocks-s-slpj7-1[0m stage [32mfrom-build-pack[0m and container [32mstep-build-helm-build[0m
WARNING: No $CHART_REPOSITORY defined so using the default value of: http://jenkins-x-chartmuseum:8080
Adding missing Helm repo: storage.googleapis.com https://storage.googleapis.com/chartmuseum.jenkins-x.io
Successfully added Helm repository storage.googleapis.com.
Adding missing Helm repo: jenkins-x-chartmuseum http://jenkins-x-chartmuseum:8080
Successfully added Helm repository jenkins-x-chartmuseum.
WARNING: No $CHART_REPOSITORY defined so using the default value of: http://jenkins-x-chartmuseum:8080
Adding missing Helm repo: chartmuseum.jenkins-x.io http://chartmuseum.jenkins-x.io
Successfully added Helm repository chartmuseum.jenkins-x.io.
