
Showing logs for build [32mfbelzunc-environment-jx-rocks-s-dtr98-6[0m stage [32mmeta-pipeline[0m and container [32mstep-credential-initializer-grszv[0m
{"level":"warn","ts":1568893188.014516,"logger":"fallback-logger","caller":"logging/config.go:69","msg":"Fetch GitHub commit ID from kodata failed: \"ref: refs/heads/master\" is not a valid GitHub commit ID"}
{"level":"info","ts":1568893188.0150952,"logger":"fallback-logger","caller":"creds-init/main.go:40","msg":"Credentials initialized."}

Showing logs for build [32mfbelzunc-environment-jx-rocks-s-dtr98-6[0m stage [32mmeta-pipeline[0m and container [32mstep-working-dir-initializer-nkdpx[0m
{"level":"warn","ts":1568893188.9566813,"logger":"fallback-logger","caller":"logging/config.go:69","msg":"Fetch GitHub commit ID from kodata failed: open /var/run/ko/HEAD: no such file or directory"}
{"level":"info","ts":1568893188.9588382,"logger":"fallback-logger","caller":"bash/main.go:65","msg":"Successfully executed command \"mkdir -p /workspace/source\""}

Showing logs for build [32mfbelzunc-environment-jx-rocks-s-dtr98-6[0m stage [32mmeta-pipeline[0m and container [32mstep-place-tools[0m

Showing logs for build [32mfbelzunc-environment-jx-rocks-s-dtr98-6[0m stage [32mmeta-pipeline[0m and container [32mstep-git-source-meta-fbelzunc-environment-jx-ro-d26qk[0m
{"level":"warn","ts":1568893196.0295706,"logger":"fallback-logger","caller":"logging/config.go:69","msg":"Fetch GitHub commit ID from kodata failed: \"ref: refs/heads/master\" is not a valid GitHub commit ID"}
{"level":"info","ts":1568893196.2582963,"logger":"fallback-logger","caller":"git/git.go:102","msg":"Successfully cloned https://github.com/********/environment-jx-rocks-staging.git @ d6e955e57b6f2cc58d59ecfa217ffc869f62576c in path /workspace/source"}

Showing logs for build [32mfbelzunc-environment-jx-rocks-s-dtr98-6[0m stage [32mmeta-pipeline[0m and container [32mstep-git-merge[0m
Using SHAs from PULL_REFS=master:d6e955e57b6f2cc58d59ecfa217ffc869f62576c
WARNING: no SHAs to merge, falling back to initial cloned commit

Showing logs for build [32mfbelzunc-environment-jx-rocks-s-dtr98-6[0m stage [32mmeta-pipeline[0m and container [32mstep-merge-pull-refs[0m
SKIP merge-pull-refs: Nothing to merge

Showing logs for build [32mfbelzunc-environment-jx-rocks-s-dtr98-6[0m stage [32mmeta-pipeline[0m and container [32mstep-create-effective-pipeline[0m
Deleting and cloning the Jenkins X versions repo
Cloning the Jenkins X versions repo https://github.com/jenkins-x/jenkins-x-versions.git with ref refs/heads/master to /builder/home/.jx/jenkins-x-versions
selected pack: /builder/home/.jx/draft/packs/github.com/jenkins-x-buildpacks/jenkins-x-kubernetes/packs/environment
Effective pipeline written to jenkins-x-promotion-effective.yml

Showing logs for build [32mfbelzunc-environment-jx-rocks-s-dtr98-6[0m stage [32mmeta-pipeline[0m and container [32mstep-create-tekton-crds[0m
running command: jx step next-version --use-git-tag-only --tag
created new version: 0.0.6 and written to file: ./VERSION
Tag v0.0.6 created and pushed to remote origin

PipelineActivity for ********-environment-jx-rocks-staging-master-6
Applying changes 
upserted PipelineResource ********-environment-jx-rocks-s for the git repository https://github.com/********/environment-jx-rocks-staging.git
upserted Task ********-environment-jx-rocks-s-dtr98-from-build-pack-6
upserted Pipeline ********-environment-jx-rocks-s-dtr98-6
created PipelineRun ********-environment-jx-rocks-s-dtr98-6
created PipelineStructure ********-environment-jx-rocks-s-dtr98-6

Showing logs for build [32mfbelzunc-environment-jx-rocks-s-dtr98-6[0m stage [32mfrom-build-pack[0m and container [32mstep-credential-initializer-262lp[0m
{"level":"warn","ts":1568893212.48767,"logger":"fallback-logger","caller":"logging/config.go:69","msg":"Fetch GitHub commit ID from kodata failed: \"ref: refs/heads/master\" is not a valid GitHub commit ID"}
{"level":"info","ts":1568893212.488198,"logger":"fallback-logger","caller":"creds-init/main.go:40","msg":"Credentials initialized."}

Showing logs for build [32mfbelzunc-environment-jx-rocks-s-dtr98-6[0m stage [32mfrom-build-pack[0m and container [32mstep-working-dir-initializer-874b6[0m
{"level":"warn","ts":1568893212.9467726,"logger":"fallback-logger","caller":"logging/config.go:69","msg":"Fetch GitHub commit ID from kodata failed: open /var/run/ko/HEAD: no such file or directory"}
{"level":"info","ts":1568893212.948539,"logger":"fallback-logger","caller":"bash/main.go:65","msg":"Successfully executed command \"mkdir -p /workspace/source /workspace/source/env\""}

Showing logs for build [32mfbelzunc-environment-jx-rocks-s-dtr98-6[0m stage [32mfrom-build-pack[0m and container [32mstep-place-tools[0m

Showing logs for build [32mfbelzunc-environment-jx-rocks-s-dtr98-6[0m stage [32mfrom-build-pack[0m and container [32mstep-git-source-fbelzunc-environment-jx-rocks-s-q5tpp[0m
{"level":"warn","ts":1568893220.0106454,"logger":"fallback-logger","caller":"logging/config.go:69","msg":"Fetch GitHub commit ID from kodata failed: \"ref: refs/heads/master\" is not a valid GitHub commit ID"}
{"level":"info","ts":1568893220.2497487,"logger":"fallback-logger","caller":"git/git.go:102","msg":"Successfully cloned https://github.com/********/environment-jx-rocks-staging.git @ v0.0.6 in path /workspace/source"}

Showing logs for build [32mfbelzunc-environment-jx-rocks-s-dtr98-6[0m stage [32mfrom-build-pack[0m and container [32mstep-git-merge[0m
Using SHAs from PULL_REFS=master:d6e955e57b6f2cc58d59ecfa217ffc869f62576c
WARNING: no SHAs to merge, falling back to initial cloned commit

Showing logs for build [32mfbelzunc-environment-jx-rocks-s-dtr98-6[0m stage [32mfrom-build-pack[0m and container [32mstep-setup-jx-git-credentials[0m
Generated Git credentials file /builder/home/git/credentials

Showing logs for build [32mfbelzunc-environment-jx-rocks-s-dtr98-6[0m stage [32mfrom-build-pack[0m and container [32mstep-build-helm-apply[0m
Modified file /workspace/source/env/Chart.yaml to set the chart to version 6
Copying the helm source directory /workspace/source/env to a temporary location for building and applying /tmp/jx-helm-apply-202644405/env
Applying helm chart at /tmp/jx-helm-apply-202644405/env as release name jx to namespace **-staging
verifying the helm requirements versions in dir: . using version stream URL:  and git ref: 
Deleting and cloning the Jenkins X versions repo
Cloning the Jenkins X versions repo https://github.com/jenkins-x/jenkins-x-versions.git with ref refs/heads/master to /builder/home/.jx/jenkins-x-versions
Ignoring templates/.gitignore
Wrote chart values.yaml /tmp/jx-helm-apply-202644405/env/values.yaml generated from directory tree
generated helm /tmp/jx-helm-apply-202644405/env/values.yaml

PipelineSecrets: {}
cleanup:
  Annotations:
    helm.sh/hook: pre-delete
    helm.sh/hook-delete-policy: hook-succeeded
  Args:
  - --cleanup
controllerbuild:
  enabled: true
controllerworkflow:
  enabled: false
docker-registry:
  enabled: false
dockerRegistry: gcr.io
expose:
  Annotations:
    helm.sh/hook: post-install,post-upgrade
    helm.sh/hook-delete-policy: hook-succeeded
  Args:
  - --v
  - 4
  config:
    domain: 34.74.238.168.nip.io
    exposer: Ingress
    http: "true"
jenkins:
  Servers:
    Global:
      EnvVars:
        TILLER_NAMESPACE: kube-system
  enabled: false
prow: {}

Using values files: /tmp/jx-helm-apply-202644405/env/values.yaml
WARNING: No $CHART_REPOSITORY defined so using the default value of: http://jenkins-x-chartmuseum:8080
Adding missing Helm repo: storage.googleapis.com https://storage.googleapis.com/chartmuseum.jenkins-x.io
Successfully added Helm repository storage.googleapis.com.
Adding missing Helm repo: jenkins-x-chartmuseum http://jenkins-x-chartmuseum:8080
Successfully added Helm repository jenkins-x-chartmuseum.
WARNING: No $CHART_REPOSITORY defined so using the default value of: http://jenkins-x-chartmuseum:8080
Adding missing Helm repo: chartmuseum.jenkins-x.io http://chartmuseum.jenkins-x.io
Successfully added Helm repository chartmuseum.jenkins-x.io.
Applying Apps chart overrides
Applying chart overrides


release.jenkins.io "go-demo-6-2.0.1" deleted
