
Showing logs for build [32mfbelzunc-environment-jx-rocks-s-84z4n-1[0m stage [32mmeta-pipeline[0m and container [32mstep-credential-initializer-2vdwd[0m
{"level":"warn","ts":1568893160.0490925,"logger":"fallback-logger","caller":"logging/config.go:69","msg":"Fetch GitHub commit ID from kodata failed: \"ref: refs/heads/master\" is not a valid GitHub commit ID"}
{"level":"info","ts":1568893160.0496595,"logger":"fallback-logger","caller":"creds-init/main.go:40","msg":"Credentials initialized."}

Showing logs for build [32mfbelzunc-environment-jx-rocks-s-84z4n-1[0m stage [32mmeta-pipeline[0m and container [32mstep-working-dir-initializer-z24ph[0m
{"level":"warn","ts":1568893161.4059477,"logger":"fallback-logger","caller":"logging/config.go:69","msg":"Fetch GitHub commit ID from kodata failed: open /var/run/ko/HEAD: no such file or directory"}
{"level":"info","ts":1568893161.407404,"logger":"fallback-logger","caller":"bash/main.go:65","msg":"Successfully executed command \"mkdir -p /workspace/source\""}

Showing logs for build [32mfbelzunc-environment-jx-rocks-s-84z4n-1[0m stage [32mmeta-pipeline[0m and container [32mstep-place-tools[0m

Showing logs for build [32mfbelzunc-environment-jx-rocks-s-84z4n-1[0m stage [32mmeta-pipeline[0m and container [32mstep-git-source-meta-fbelzunc-environment-jx-ro-ds62g[0m
{"level":"warn","ts":1568893167.5219338,"logger":"fallback-logger","caller":"logging/config.go:69","msg":"Fetch GitHub commit ID from kodata failed: \"ref: refs/heads/master\" is not a valid GitHub commit ID"}
{"level":"info","ts":1568893167.755068,"logger":"fallback-logger","caller":"git/git.go:102","msg":"Successfully cloned https://github.com/********/environment-jx-rocks-staging.git @ dc664b6264c55432a549537c7e85edbcee154493 in path /workspace/source"}

Showing logs for build [32mfbelzunc-environment-jx-rocks-s-84z4n-1[0m stage [32mmeta-pipeline[0m and container [32mstep-git-merge[0m
Using SHAs from PULL_REFS=master:dc664b6264c55432a549537c7e85edbcee154493,6:dd511fdda06ebccf6ef40fce5e6e0452a129f747
DEBUG: ran git fetch --unshallow origin dd511fdda06ebccf6ef40fce5e6e0452a129f747: dc664b6264c55432a549537c7e85edbcee154493: in 
DEBUG: ran git checkout master in 
DEBUG: ran git reset --hard dc664b6264c55432a549537c7e85edbcee154493 in 
DEBUG: ran clean --force -d . in 
DEBUG: ran git merge dd511fdda06ebccf6ef40fce5e6e0452a129f747 in 
Merged SHA dd511fdda06ebccf6ef40fce5e6e0452a129f747 with commit message 'chore: Promote go-demo-6 to version 2.0.2' into base branch master

Showing logs for build [32mfbelzunc-environment-jx-rocks-s-84z4n-1[0m stage [32mmeta-pipeline[0m and container [32mstep-merge-pull-refs[0m
DEBUG: ran git fetch origin dd511fdda06ebccf6ef40fce5e6e0452a129f747: dc664b6264c55432a549537c7e85edbcee154493: in 
DEBUG: Unshallowed git repo in 
DEBUG: ran git checkout master in 
DEBUG: ran git reset --hard dc664b6264c55432a549537c7e85edbcee154493 in 
DEBUG: ran clean --force -d . in 
DEBUG: ran git merge dd511fdda06ebccf6ef40fce5e6e0452a129f747 in 
Merged SHA dd511fdda06ebccf6ef40fce5e6e0452a129f747 with commit message 'chore: Promote go-demo-6 to version 2.0.2' into base branch master

Showing logs for build [32mfbelzunc-environment-jx-rocks-s-84z4n-1[0m stage [32mmeta-pipeline[0m and container [32mstep-create-effective-pipeline[0m
Deleting and cloning the Jenkins X versions repo
Cloning the Jenkins X versions repo https://github.com/jenkins-x/jenkins-x-versions.git with ref refs/heads/master to /builder/home/.jx/jenkins-x-versions
selected pack: /builder/home/.jx/draft/packs/github.com/jenkins-x-buildpacks/jenkins-x-kubernetes/packs/environment
Effective pipeline written to jenkins-x-promotion-build-effective.yml

Showing logs for build [32mfbelzunc-environment-jx-rocks-s-84z4n-1[0m stage [32mmeta-pipeline[0m and container [32mstep-create-tekton-crds[0m
PipelineActivity for ********-environment-jx-rocks-staging-PR-6-1
Applying changes 
upserted PipelineResource ********-environment-jx-rocks-s for the git repository https://github.com/********/environment-jx-rocks-staging.git
upserted Task ********-environment-jx-rocks-s-84z4n-from-build-pack-1
upserted Pipeline ********-environment-jx-rocks-s-84z4n-1
created PipelineRun ********-environment-jx-rocks-s-84z4n-1
created PipelineStructure ********-environment-jx-rocks-s-84z4n-1

Showing logs for build [32mfbelzunc-environment-jx-rocks-s-84z4n-1[0m stage [32mfrom-build-pack[0m and container [32mstep-credential-initializer-nxx2l[0m
{"level":"warn","ts":1568893176.2528167,"logger":"fallback-logger","caller":"logging/config.go:69","msg":"Fetch GitHub commit ID from kodata failed: \"ref: refs/heads/master\" is not a valid GitHub commit ID"}
{"level":"info","ts":1568893176.253431,"logger":"fallback-logger","caller":"creds-init/main.go:40","msg":"Credentials initialized."}

Showing logs for build [32mfbelzunc-environment-jx-rocks-s-84z4n-1[0m stage [32mfrom-build-pack[0m and container [32mstep-working-dir-initializer-7jg87[0m
{"level":"warn","ts":1568893176.790086,"logger":"fallback-logger","caller":"logging/config.go:69","msg":"Fetch GitHub commit ID from kodata failed: open /var/run/ko/HEAD: no such file or directory"}
{"level":"info","ts":1568893176.7913666,"logger":"fallback-logger","caller":"bash/main.go:65","msg":"Successfully executed command \"mkdir -p /workspace/source /workspace/source/env\""}

Showing logs for build [32mfbelzunc-environment-jx-rocks-s-84z4n-1[0m stage [32mfrom-build-pack[0m and container [32mstep-place-tools[0m

Showing logs for build [32mfbelzunc-environment-jx-rocks-s-84z4n-1[0m stage [32mfrom-build-pack[0m and container [32mstep-git-source-fbelzunc-environment-jx-rocks-s-nczr2[0m
{"level":"warn","ts":1568893182.9117901,"logger":"fallback-logger","caller":"logging/config.go:69","msg":"Fetch GitHub commit ID from kodata failed: \"ref: refs/heads/master\" is not a valid GitHub commit ID"}
{"level":"info","ts":1568893183.1650395,"logger":"fallback-logger","caller":"git/git.go:102","msg":"Successfully cloned https://github.com/********/environment-jx-rocks-staging.git @ master in path /workspace/source"}

Showing logs for build [32mfbelzunc-environment-jx-rocks-s-84z4n-1[0m stage [32mfrom-build-pack[0m and container [32mstep-git-merge[0m
Using SHAs from PULL_REFS=master:dc664b6264c55432a549537c7e85edbcee154493,6:dd511fdda06ebccf6ef40fce5e6e0452a129f747
DEBUG: ran git fetch origin dd511fdda06ebccf6ef40fce5e6e0452a129f747: dc664b6264c55432a549537c7e85edbcee154493: in 
DEBUG: Unshallowed git repo in 
DEBUG: ran git checkout master in 
DEBUG: ran git reset --hard dc664b6264c55432a549537c7e85edbcee154493 in 
DEBUG: ran clean --force -d . in 
DEBUG: ran git merge dd511fdda06ebccf6ef40fce5e6e0452a129f747 in 
Merged SHA dd511fdda06ebccf6ef40fce5e6e0452a129f747 with commit message 'chore: Promote go-demo-6 to version 2.0.2' into base branch master

Showing logs for build [32mfbelzunc-environment-jx-rocks-s-84z4n-1[0m stage [32mfrom-build-pack[0m and container [32mstep-build-helm-build[0m
WARNING: No $CHART_REPOSITORY defined so using the default value of: http://jenkins-x-chartmuseum:8080
Adding missing Helm repo: storage.googleapis.com https://storage.googleapis.com/chartmuseum.jenkins-x.io
Successfully added Helm repository storage.googleapis.com.
Adding missing Helm repo: jenkins-x-chartmuseum http://jenkins-x-chartmuseum:8080
Successfully added Helm repository jenkins-x-chartmuseum.
WARNING: No $CHART_REPOSITORY defined so using the default value of: http://jenkins-x-chartmuseum:8080
Adding missing Helm repo: chartmuseum.jenkins-x.io http://chartmuseum.jenkins-x.io
Successfully added Helm repository chartmuseum.jenkins-x.io.
